<?xml version="1.0" encoding="UTF-8"?>
<!-- Generated by org.testng.reporters.JUnitReportReporter -->
<testsuite ignored="25" hostname="QU2301" failures="0" tests="1" name="com.JJill.testcases.TestCases" time="398.322" errors="0" timestamp="12 Feb 2024 14:27:31 GMT" skipped="0">
  <testcase classname="com.JJill.testcases.TestCases" name="verifyPLP_PDP_navigation" time="398.322"/>
  <testcase classname="com.JJill.testcases.TestCases" name="verify_Guest_GiftcardasPayment_CheckoutFunctionality">
    <skipped/>
  </testcase> <!-- verify_Guest_GiftcardasPayment_CheckoutFunctionality -->
  <testcase classname="com.JJill.testcases.TestCases" name="verifyPLPFunctionality">
    <skipped/>
  </testcase> <!-- verifyPLPFunctionality -->
  <testcase classname="com.JJill.testcases.TestCases" name="verifyShoptheLook">
    <skipped/>
  </testcase> <!-- verifyShoptheLook -->
  <testcase classname="com.JJill.testcases.TestCases" name="verifyLoginInFunctionality">
    <skipped/>
  </testcase> <!-- verifyLoginInFunctionality -->
  <testcase classname="com.JJill.testcases.TestCases" name="verify_Guest_PaypalfromShoppingBagPage_CheckoutFunctionality">
    <skipped/>
  </testcase> <!-- verify_Guest_PaypalfromShoppingBagPage_CheckoutFunctionality -->
  <testcase classname="com.JJill.testcases.TestCases" name="verify_Registered_GiftCard_ExistingPaymentcard_CheckoutFunctionality">
    <skipped/>
  </testcase> <!-- verify_Registered_GiftCard_ExistingPaymentcard_CheckoutFunctionality -->
  <testcase classname="com.JJill.testcases.TestCases" name="verifyHeaderFunctionality">
    <skipped/>
  </testcase> <!-- verifyHeaderFunctionality -->
  <testcase classname="com.JJill.testcases.TestCases" name="verifyQuickLookFunctionality">
    <skipped/>
  </testcase> <!-- verifyQuickLookFunctionality -->
  <testcase classname="com.JJill.testcases.TestCases" name="verifyForgotPasswordFunctionality">
    <skipped/>
  </testcase> <!-- verifyForgotPasswordFunctionality -->
  <testcase classname="com.JJill.testcases.TestCases" name="verifyInventoryData">
    <skipped/>
  </testcase> <!-- verifyInventoryData -->
  <testcase classname="com.JJill.testcases.TestCases" name="verifyCompletetheLook">
    <skipped/>
  </testcase> <!-- verifyCompletetheLook -->
  <testcase classname="com.JJill.testcases.TestCases" name="verify_Guest_JJCCPayment_CheckoutFunctionality">
    <skipped/>
  </testcase> <!-- verify_Guest_JJCCPayment_CheckoutFunctionality -->
  <testcase classname="com.JJill.testcases.TestCases" name="verifySearchFunctionality">
    <skipped/>
  </testcase> <!-- verifySearchFunctionality -->
  <testcase classname="com.JJill.testcases.TestCases" name="verifyFooterFunctionality">
    <skipped/>
  </testcase> <!-- verifyFooterFunctionality -->
  <testcase classname="com.JJill.testcases.TestCases" name="verify_Registered_AddnewMajorCC_ExistingPaymentcard_CheckoutFunctionality">
    <skipped/>
  </testcase> <!-- verify_Registered_AddnewMajorCC_ExistingPaymentcard_CheckoutFunctionality -->
  <testcase classname="com.JJill.testcases.TestCases" name="verify_Guest_PayPalfromPaymentpage_CheckoutFunctionality">
    <skipped/>
  </testcase> <!-- verify_Guest_PayPalfromPaymentpage_CheckoutFunctionality -->
  <testcase classname="com.JJill.testcases.TestCases" name="verify_Guest_GiftcardandMajorCCasPayment_CheckoutFunctionality">
    <skipped/>
  </testcase> <!-- verify_Guest_GiftcardandMajorCCasPayment_CheckoutFunctionality -->
  <testcase classname="com.JJill.testcases.TestCases" name="verify_Registered_GiftCardandJJCC_ExistingPaymentcard_CheckoutFunctionality">
    <skipped/>
  </testcase> <!-- verify_Registered_GiftCardandJJCC_ExistingPaymentcard_CheckoutFunctionality -->
  <testcase classname="com.JJill.testcases.TestCases" name="verifyPDP_CompletetheLook">
    <skipped/>
  </testcase> <!-- verifyPDP_CompletetheLook -->
  <testcase classname="com.JJill.testcases.TestCases" name="verify_Registered_AddnewJJCC_ExistingPaymentcard_CheckoutFunctionality">
    <skipped/>
  </testcase> <!-- verify_Registered_AddnewJJCC_ExistingPaymentcard_CheckoutFunctionality -->
  <testcase classname="com.JJill.testcases.TestCases" name="verifyMonetateBadging">
    <skipped/>
  </testcase> <!-- verifyMonetateBadging -->
  <testcase classname="com.JJill.testcases.TestCases" name="verify_Guest_MajorCC_CheckoutFunctionality">
    <skipped/>
  </testcase> <!-- verify_Guest_MajorCC_CheckoutFunctionality -->
  <testcase classname="com.JJill.testcases.TestCases" name="verifyPDPFunctionality">
    <skipped/>
  </testcase> <!-- verifyPDPFunctionality -->
  <testcase classname="com.JJill.testcases.TestCases" name="verifyremoveProductsShoppingbag">
    <skipped/>
  </testcase> <!-- verifyremoveProductsShoppingbag -->
  <testcase classname="com.JJill.testcases.TestCases" name="verifyPaginationFunctionality">
    <skipped/>
  </testcase> <!-- verifyPaginationFunctionality -->
</testsuite> <!-- com.JJill.testcases.TestCases -->
