<?xml version="1.0" encoding="UTF-8"?>
<!-- Generated by org.testng.reporters.JUnitReportReporter -->
<testsuite ignored="28" hostname="QU2301" failures="0" tests="100" name="com.JJill.testcases.TestCases" time="1764.245" errors="0" timestamp="27 Feb 2024 15:04:34 GMT" skipped="0">
  <testcase classname="com.JJill.testcases.TestCases" name="getURLs" time="17.636"/>
  <testcase classname="com.JJill.testcases.TestCases" name="getURLs" time="16.688"/>
  <testcase classname="com.JJill.testcases.TestCases" name="getURLs" time="23.040"/>
  <testcase classname="com.JJill.testcases.TestCases" name="getURLs" time="15.781"/>
  <testcase classname="com.JJill.testcases.TestCases" name="getURLs" time="15.368"/>
  <testcase classname="com.JJill.testcases.TestCases" name="getURLs" time="20.751"/>
  <testcase classname="com.JJill.testcases.TestCases" name="getURLs" time="17.642"/>
  <testcase classname="com.JJill.testcases.TestCases" name="getURLs" time="16.828"/>
  <testcase classname="com.JJill.testcases.TestCases" name="getURLs" time="17.116"/>
  <testcase classname="com.JJill.testcases.TestCases" name="getURLs" time="16.615"/>
  <testcase classname="com.JJill.testcases.TestCases" name="getURLs" time="18.316"/>
  <testcase classname="com.JJill.testcases.TestCases" name="getURLs" time="16.627"/>
  <testcase classname="com.JJill.testcases.TestCases" name="getURLs" time="21.171"/>
  <testcase classname="com.JJill.testcases.TestCases" name="getURLs" time="17.857"/>
  <testcase classname="com.JJill.testcases.TestCases" name="getURLs" time="18.274"/>
  <testcase classname="com.JJill.testcases.TestCases" name="getURLs" time="15.905"/>
  <testcase classname="com.JJill.testcases.TestCases" name="getURLs" time="16.038"/>
  <testcase classname="com.JJill.testcases.TestCases" name="getURLs" time="15.852"/>
  <testcase classname="com.JJill.testcases.TestCases" name="getURLs" time="18.678"/>
  <testcase classname="com.JJill.testcases.TestCases" name="getURLs" time="19.514"/>
  <testcase classname="com.JJill.testcases.TestCases" name="getURLs" time="16.482"/>
  <testcase classname="com.JJill.testcases.TestCases" name="getURLs" time="17.230"/>
  <testcase classname="com.JJill.testcases.TestCases" name="getURLs" time="17.402"/>
  <testcase classname="com.JJill.testcases.TestCases" name="getURLs" time="18.467"/>
  <testcase classname="com.JJill.testcases.TestCases" name="getURLs" time="16.764"/>
  <testcase classname="com.JJill.testcases.TestCases" name="getURLs" time="22.403"/>
  <testcase classname="com.JJill.testcases.TestCases" name="getURLs" time="16.093"/>
  <testcase classname="com.JJill.testcases.TestCases" name="getURLs" time="19.124"/>
  <testcase classname="com.JJill.testcases.TestCases" name="getURLs" time="17.594"/>
  <testcase classname="com.JJill.testcases.TestCases" name="getURLs" time="18.620"/>
  <testcase classname="com.JJill.testcases.TestCases" name="getURLs" time="16.258"/>
  <testcase classname="com.JJill.testcases.TestCases" name="getURLs" time="24.384"/>
  <testcase classname="com.JJill.testcases.TestCases" name="getURLs" time="16.857"/>
  <testcase classname="com.JJill.testcases.TestCases" name="getURLs" time="17.602"/>
  <testcase classname="com.JJill.testcases.TestCases" name="getURLs" time="15.299"/>
  <testcase classname="com.JJill.testcases.TestCases" name="getURLs" time="18.546"/>
  <testcase classname="com.JJill.testcases.TestCases" name="getURLs" time="16.925"/>
  <testcase classname="com.JJill.testcases.TestCases" name="getURLs" time="16.121"/>
  <testcase classname="com.JJill.testcases.TestCases" name="getURLs" time="18.117"/>
  <testcase classname="com.JJill.testcases.TestCases" name="getURLs" time="17.408"/>
  <testcase classname="com.JJill.testcases.TestCases" name="getURLs" time="18.095"/>
  <testcase classname="com.JJill.testcases.TestCases" name="getURLs" time="17.141"/>
  <testcase classname="com.JJill.testcases.TestCases" name="getURLs" time="17.163"/>
  <testcase classname="com.JJill.testcases.TestCases" name="getURLs" time="19.285"/>
  <testcase classname="com.JJill.testcases.TestCases" name="getURLs" time="16.764"/>
  <testcase classname="com.JJill.testcases.TestCases" name="getURLs" time="16.767"/>
  <testcase classname="com.JJill.testcases.TestCases" name="getURLs" time="15.896"/>
  <testcase classname="com.JJill.testcases.TestCases" name="getURLs" time="16.518"/>
  <testcase classname="com.JJill.testcases.TestCases" name="getURLs" time="19.294"/>
  <testcase classname="com.JJill.testcases.TestCases" name="getURLs" time="18.466"/>
  <testcase classname="com.JJill.testcases.TestCases" name="getURLs" time="17.930"/>
  <testcase classname="com.JJill.testcases.TestCases" name="getURLs" time="17.334"/>
  <testcase classname="com.JJill.testcases.TestCases" name="getURLs" time="16.580"/>
  <testcase classname="com.JJill.testcases.TestCases" name="getURLs" time="18.162"/>
  <testcase classname="com.JJill.testcases.TestCases" name="getURLs" time="15.918"/>
  <testcase classname="com.JJill.testcases.TestCases" name="getURLs" time="16.064"/>
  <testcase classname="com.JJill.testcases.TestCases" name="getURLs" time="17.766"/>
  <testcase classname="com.JJill.testcases.TestCases" name="getURLs" time="19.184"/>
  <testcase classname="com.JJill.testcases.TestCases" name="getURLs" time="18.556"/>
  <testcase classname="com.JJill.testcases.TestCases" name="getURLs" time="17.997"/>
  <testcase classname="com.JJill.testcases.TestCases" name="getURLs" time="17.742"/>
  <testcase classname="com.JJill.testcases.TestCases" name="getURLs" time="15.539"/>
  <testcase classname="com.JJill.testcases.TestCases" name="getURLs" time="17.507"/>
  <testcase classname="com.JJill.testcases.TestCases" name="getURLs" time="18.813"/>
  <testcase classname="com.JJill.testcases.TestCases" name="getURLs" time="19.945"/>
  <testcase classname="com.JJill.testcases.TestCases" name="getURLs" time="16.542"/>
  <testcase classname="com.JJill.testcases.TestCases" name="getURLs" time="17.717"/>
  <testcase classname="com.JJill.testcases.TestCases" name="getURLs" time="17.439"/>
  <testcase classname="com.JJill.testcases.TestCases" name="getURLs" time="14.777"/>
  <testcase classname="com.JJill.testcases.TestCases" name="getURLs" time="16.812"/>
  <testcase classname="com.JJill.testcases.TestCases" name="getURLs" time="16.243"/>
  <testcase classname="com.JJill.testcases.TestCases" name="getURLs" time="16.857"/>
  <testcase classname="com.JJill.testcases.TestCases" name="getURLs" time="17.048"/>
  <testcase classname="com.JJill.testcases.TestCases" name="getURLs" time="18.617"/>
  <testcase classname="com.JJill.testcases.TestCases" name="getURLs" time="18.167"/>
  <testcase classname="com.JJill.testcases.TestCases" name="getURLs" time="18.980"/>
  <testcase classname="com.JJill.testcases.TestCases" name="getURLs" time="17.131"/>
  <testcase classname="com.JJill.testcases.TestCases" name="getURLs" time="18.982"/>
  <testcase classname="com.JJill.testcases.TestCases" name="getURLs" time="15.496"/>
  <testcase classname="com.JJill.testcases.TestCases" name="getURLs" time="16.316"/>
  <testcase classname="com.JJill.testcases.TestCases" name="getURLs" time="17.791"/>
  <testcase classname="com.JJill.testcases.TestCases" name="getURLs" time="16.815"/>
  <testcase classname="com.JJill.testcases.TestCases" name="getURLs" time="17.882"/>
  <testcase classname="com.JJill.testcases.TestCases" name="getURLs" time="16.836"/>
  <testcase classname="com.JJill.testcases.TestCases" name="getURLs" time="18.475"/>
  <testcase classname="com.JJill.testcases.TestCases" name="getURLs" time="19.620"/>
  <testcase classname="com.JJill.testcases.TestCases" name="getURLs" time="15.099"/>
  <testcase classname="com.JJill.testcases.TestCases" name="getURLs" time="17.191"/>
  <testcase classname="com.JJill.testcases.TestCases" name="getURLs" time="15.865"/>
  <testcase classname="com.JJill.testcases.TestCases" name="getURLs" time="18.729"/>
  <testcase classname="com.JJill.testcases.TestCases" name="getURLs" time="24.154"/>
  <testcase classname="com.JJill.testcases.TestCases" name="getURLs" time="15.564"/>
  <testcase classname="com.JJill.testcases.TestCases" name="getURLs" time="19.754"/>
  <testcase classname="com.JJill.testcases.TestCases" name="getURLs" time="15.591"/>
  <testcase classname="com.JJill.testcases.TestCases" name="getURLs" time="15.215"/>
  <testcase classname="com.JJill.testcases.TestCases" name="getURLs" time="15.170"/>
  <testcase classname="com.JJill.testcases.TestCases" name="getURLs" time="17.886"/>
  <testcase classname="com.JJill.testcases.TestCases" name="getURLs" time="19.283"/>
  <testcase classname="com.JJill.testcases.TestCases" name="getURLs" time="16.360"/>
  <testcase classname="com.JJill.testcases.TestCases" name="getURLs" time="20.022"/>
  <testcase classname="com.JJill.testcases.TestCases" name="verify_Guest_GiftcardasPayment_CheckoutFunctionality">
    <skipped/>
  </testcase> <!-- verify_Guest_GiftcardasPayment_CheckoutFunctionality -->
  <testcase classname="com.JJill.testcases.TestCases" name="verifyPLPFunctionality">
    <skipped/>
  </testcase> <!-- verifyPLPFunctionality -->
  <testcase classname="com.JJill.testcases.TestCases" name="verifyShoptheLook">
    <skipped/>
  </testcase> <!-- verifyShoptheLook -->
  <testcase classname="com.JJill.testcases.TestCases" name="verifyLoginInFunctionality">
    <skipped/>
  </testcase> <!-- verifyLoginInFunctionality -->
  <testcase classname="com.JJill.testcases.TestCases" name="verify_Guest_PaypalfromShoppingBagPage_CheckoutFunctionality">
    <skipped/>
  </testcase> <!-- verify_Guest_PaypalfromShoppingBagPage_CheckoutFunctionality -->
  <testcase classname="com.JJill.testcases.TestCases" name="verify_Registered_GiftCard_ExistingPaymentcard_CheckoutFunctionality">
    <skipped/>
  </testcase> <!-- verify_Registered_GiftCard_ExistingPaymentcard_CheckoutFunctionality -->
  <testcase classname="com.JJill.testcases.TestCases" name="verifyHeaderFunctionality">
    <skipped/>
  </testcase> <!-- verifyHeaderFunctionality -->
  <testcase classname="com.JJill.testcases.TestCases" name="verifyQuickLookFunctionality">
    <skipped/>
  </testcase> <!-- verifyQuickLookFunctionality -->
  <testcase classname="com.JJill.testcases.TestCases" name="verifyForgotPasswordFunctionality">
    <skipped/>
  </testcase> <!-- verifyForgotPasswordFunctionality -->
  <testcase classname="com.JJill.testcases.TestCases" name="verifyInventoryData">
    <skipped/>
  </testcase> <!-- verifyInventoryData -->
  <testcase classname="com.JJill.testcases.TestCases" name="verifyCompletetheLook">
    <skipped/>
  </testcase> <!-- verifyCompletetheLook -->
  <testcase classname="com.JJill.testcases.TestCases" name="verify_Guest_JJCCPayment_CheckoutFunctionality">
    <skipped/>
  </testcase> <!-- verify_Guest_JJCCPayment_CheckoutFunctionality -->
  <testcase classname="com.JJill.testcases.TestCases" name="launchURL">
    <skipped/>
  </testcase> <!-- launchURL -->
  <testcase classname="com.JJill.testcases.TestCases" name="verifySearchFunctionality">
    <skipped/>
  </testcase> <!-- verifySearchFunctionality -->
  <testcase classname="com.JJill.testcases.TestCases" name="verifyPLP_PDP_navigation">
    <skipped/>
  </testcase> <!-- verifyPLP_PDP_navigation -->
  <testcase classname="com.JJill.testcases.TestCases" name="verifyFooterFunctionality">
    <skipped/>
  </testcase> <!-- verifyFooterFunctionality -->
  <testcase classname="com.JJill.testcases.TestCases" name="verifyPLP_PDP_allpages_navigation">
    <skipped/>
  </testcase> <!-- verifyPLP_PDP_allpages_navigation -->
  <testcase classname="com.JJill.testcases.TestCases" name="verify_Registered_AddnewMajorCC_ExistingPaymentcard_CheckoutFunctionality">
    <skipped/>
  </testcase> <!-- verify_Registered_AddnewMajorCC_ExistingPaymentcard_CheckoutFunctionality -->
  <testcase classname="com.JJill.testcases.TestCases" name="verify_Guest_PayPalfromPaymentpage_CheckoutFunctionality">
    <skipped/>
  </testcase> <!-- verify_Guest_PayPalfromPaymentpage_CheckoutFunctionality -->
  <testcase classname="com.JJill.testcases.TestCases" name="verify_Guest_GiftcardandMajorCCasPayment_CheckoutFunctionality">
    <skipped/>
  </testcase> <!-- verify_Guest_GiftcardandMajorCCasPayment_CheckoutFunctionality -->
  <testcase classname="com.JJill.testcases.TestCases" name="verify_Registered_GiftCardandJJCC_ExistingPaymentcard_CheckoutFunctionality">
    <skipped/>
  </testcase> <!-- verify_Registered_GiftCardandJJCC_ExistingPaymentcard_CheckoutFunctionality -->
  <testcase classname="com.JJill.testcases.TestCases" name="verifyPDP_CompletetheLook">
    <skipped/>
  </testcase> <!-- verifyPDP_CompletetheLook -->
  <testcase classname="com.JJill.testcases.TestCases" name="verify_Registered_AddnewJJCC_ExistingPaymentcard_CheckoutFunctionality">
    <skipped/>
  </testcase> <!-- verify_Registered_AddnewJJCC_ExistingPaymentcard_CheckoutFunctionality -->
  <testcase classname="com.JJill.testcases.TestCases" name="verifyMonetateBadging">
    <skipped/>
  </testcase> <!-- verifyMonetateBadging -->
  <testcase classname="com.JJill.testcases.TestCases" name="verifyPDPFunctionality">
    <skipped/>
  </testcase> <!-- verifyPDPFunctionality -->
  <testcase classname="com.JJill.testcases.TestCases" name="verify_Guest_MajorCC_CheckoutFunctionality">
    <skipped/>
  </testcase> <!-- verify_Guest_MajorCC_CheckoutFunctionality -->
  <testcase classname="com.JJill.testcases.TestCases" name="verifyremoveProductsShoppingbag">
    <skipped/>
  </testcase> <!-- verifyremoveProductsShoppingbag -->
  <testcase classname="com.JJill.testcases.TestCases" name="verifyPaginationFunctionality">
    <skipped/>
  </testcase> <!-- verifyPaginationFunctionality -->
</testsuite> <!-- com.JJill.testcases.TestCases -->
